<?xml version="1.0" encoding="utf-8"?>
<shfbBuild product="Sandcastle Help File Builder and Tools" version="2023.3.4.0" projectFile="C:\Users\14748758743509380420\Desktop\esfd.shfbproj" started="24/05/2023 19:11:22">
<buildStep step="Initializing">
The Sandcastle tools are located in &#39;C:\Program Files (x86)\EWSoftware\Sandcastle Help File Builder&#39;
Locating components in the following folder(s):
    C:\Users\14748758743509380420\Desktop
    C:\ProgramData\EWSoftware\Sandcastle Help File Builder\Components and Plug-Ins
    C:\Program Files (x86)\EWSoftware\Sandcastle Help File Builder\Components
Using framework reflection data for &#39;.NET Framework 4.7.2&#39; located in &#39;C:\Program Files (x86)\EWSoftware\Sandcastle Help File Builder\Data\.NETFramework&#39;
Using presentation style &#39;Default2022&#39; located in &#39;C:\Program Files (x86)\EWSoftware\Sandcastle Help File Builder\Components\Default2022&#39;
Loading and initializing plug-ins...
Website Table of Contents Generator Version 2023.3.4.0
Copyright &#169; 2006-2023, Eric Woodruff, All Rights Reserved
-------------------------------
Clearing any prior web/markdown output...
</buildStep>
<buildStep step="ValidatingDocumentationSources">
Validating and copying documentation source information
Source: C:\Users\14748758743509380420\Desktop\git\UD3-ProyectoProgramacion-1\Wordle\bin\Debug\Wordle.xml
Source: C:\Users\14748758743509380420\Desktop\git\UD3-ProyectoProgramacion-1\Wordle\bin\Debug\Wordle.exe
    Found assembly &#39;C:\Users\14748758743509380420\Desktop\git\UD3-ProyectoProgramacion-1\Wordle\bin\Debug\Wordle.exe&#39;
Source: C:\Users\14748758743509380420\Desktop\git\UD3-ProyectoProgramacion-1\Wordle\bin\Debug\WordleClases.xml
Source: C:\Users\14748758743509380420\Desktop\git\UD3-ProyectoProgramacion-1\Wordle\bin\Debug\WordleClases.dll
    Found assembly &#39;C:\Users\14748758743509380420\Desktop\git\UD3-ProyectoProgramacion-1\Wordle\bin\Debug\WordleClases.dll&#39;
Source: C:\Users\14748758743509380420\Desktop\git\UD3-ProyectoProgramacion-1\Wordle\bin\Debug\WorldleUtilidades.xml
Source: C:\Users\14748758743509380420\Desktop\git\UD3-ProyectoProgramacion-1\Wordle\bin\Debug\WorldleUtilidades.dll
    Found assembly &#39;C:\Users\14748758743509380420\Desktop\git\UD3-ProyectoProgramacion-1\Wordle\bin\Debug\WorldleUtilidades.dll&#39;

Copying XML comments files
    C:\Users\14748758743509380420\Desktop\git\UD3-ProyectoProgramacion-1\Wordle\bin\Debug\Wordle.xml -&gt; C:\Users\14748758743509380420\Desktop\Help\Working\Wordle.xml
    C:\Users\14748758743509380420\Desktop\git\UD3-ProyectoProgramacion-1\Wordle\bin\Debug\WordleClases.xml -&gt; C:\Users\14748758743509380420\Desktop\Help\Working\WordleClases.xml
    C:\Users\14748758743509380420\Desktop\git\UD3-ProyectoProgramacion-1\Wordle\bin\Debug\WorldleUtilidades.xml -&gt; C:\Users\14748758743509380420\Desktop\Help\Working\WorldleUtilidades.xml
</buildStep>
<buildStep step="GenerateSharedContent">
Generating shared content files (en-US, English (United States))...
    Last step completed in 00:00:00,0010
</buildStep>
<buildStep step="GenerateApiFilter">
Generating API filter for MRefBuilder...
    Last step completed in 00:00:00,0191
</buildStep>
<buildStep step="GenerateReflectionInfo">
Generating reflection information...
[C:\Program Files (x86)\Microsoft Visual Studio\2019\BuildTools\MSBuild\Current\Bin\MSBuild.exe - GenerateRefInfo-28edfb38-68a6-4e68-a7af-599e8a27a30e.proj]
Build started 24/05/2023 19:11:27.
Project &quot;C:\Users\14748758743509380420\Desktop\Help\Working\GenerateRefInfo-28edfb38-68a6-4e68-a7af-599e8a27a30e.proj&quot; on node 1 (default targets).
PrepareForBuild:
  Creating directory &quot;obj\Debug\&quot;.
GenerateBindingRedirects:
  No suggested binding redirects from ResolveAssemblyReferences.
GenerateRefInfo:
  Microsoft.Build (v16.11.2+f3225964253d565862806752e54a7608191a9035)
  c Microsoft Corporation. All rights reserved.
  No source code context base path specified.  Source context information is unavailable.
  Loaded 3 assemblies for reflection and 1 dependency assemblies.
  Wrote information on 3 namespaces, 14 types, and 151 members
  Merging duplicate type and member information
  Merged 0 duplicate type(s) and 0 duplicate member(s)
Done Building Project &quot;C:\Users\14748758743509380420\Desktop\Help\Working\GenerateRefInfo-28edfb38-68a6-4e68-a7af-599e8a27a30e.proj&quot; (default targets).
    Last step completed in 00:00:00,8182
</buildStep>
<buildStep step="ApplyDocumentModel">
Applying document model to reflection output...
    Last step completed in 00:00:00,0175
</buildStep>
<buildStep step="AddApiTopicFilenames">
Adding topic filenames to API members...
    Last step completed in 00:00:00,0171
</buildStep>
<buildStep step="GenerateApiTopicManifest">
Generating API topic manifest...
    Last step completed in 00:00:00,0160
</buildStep>
<buildStep step="GenerateNamespaceSummaries">
Generating namespace summary information...
    Last step completed in 00:00:00,0051
</buildStep>
<buildStep step="CopyAdditionalContent">
Copying additional content files...
No additional content to copy
    Last step completed in 00:00:00,0010
</buildStep>
<buildStep step="MergeTablesOfContents">
Merging conceptual and additional tables of contents...
    Last step completed in 00:00:00,0000
</buildStep>
<buildStep step="GenerateIntermediateTableOfContents">
Generating intermediate table of contents file for API content...
Generating conceptual content intermediate TOC file...
    Last step completed in 00:00:00,0117
</buildStep>
<buildStep step="CreateBuildAssemblerConfigs">
Creating Sandcastle configuration files...
    Last step completed in 00:00:00,1044
</buildStep>
<buildStep step="CombiningIntermediateTocFiles">
Combining conceptual and API intermediate TOC files...
    Last step completed in 00:00:00,0010
</buildStep>
<buildStep step="MergeCustomConfigs">
Merging custom build component configurations
C:\Users\14748758743509380420\Desktop\Help\Working\BuildAssembler.config
  Updating reference topic configurations.
  No conceptual content.  Removing conceptual content components.
    Last step completed in 00:00:00,0077
</buildStep>
<buildStep step="BuildTopics">
Building help topics...
<plugIn name="Website Table of Contents Generator" behavior="Before" priority="1000">
Loading TOC info and adding unique IDs to parent nodes
</plugIn>Loading configuration...
Processing topics...
SHFB: Warning BE0066: ShowMissingComponent: [N:Wordle] Missing &lt;summary&gt; documentation
SHFB: Warning BE0066: ShowMissingComponent: [T:Wordle.Autenticacion] Missing &lt;summary&gt; documentation
SHFB: Warning BE0066: ShowMissingComponent: [M:Wordle.Autenticacion.btnLogin_Click(System.Object,System.EventArgs)] Missing &lt;param name=&quot;sender&quot;/&gt; documentation
SHFB: Warning BE0066: ShowMissingComponent: [M:Wordle.Autenticacion.btnLogin_Click(System.Object,System.EventArgs)] Missing &lt;param name=&quot;e&quot;/&gt; documentation
SHFB: Warning BE0066: ShowMissingComponent: [F:Wordle.Autenticacion.components] Missing &lt;summary&gt; documentation
SHFB: Warning BE0066: ShowMissingComponent: [M:Wordle.Autenticacion.Form1_Load(System.Object,System.EventArgs)] Missing &lt;param name=&quot;sender&quot;/&gt; documentation
SHFB: Warning BE0066: ShowMissingComponent: [M:Wordle.Autenticacion.Form1_Load(System.Object,System.EventArgs)] Missing &lt;param name=&quot;e&quot;/&gt; documentation
SHFB: Warning BE0066: ShowMissingComponent: [M:Wordle.Autenticacion.InitializeComponent] Missing &lt;summary&gt; documentation
SHFB: Warning BE0066: ShowMissingComponent: [M:Wordle.Autenticacion.linkLabel1_LinkClicked(System.Object,System.Windows.Forms.LinkLabelLinkClickedEventArgs)] Missing &lt;param name=&quot;sender&quot;/&gt; documentation
SHFB: Warning BE0066: ShowMissingComponent: [M:Wordle.Autenticacion.linkLabel1_LinkClicked(System.Object,System.Windows.Forms.LinkLabelLinkClickedEventArgs)] Missing &lt;param name=&quot;e&quot;/&gt; documentation
SHFB: Warning BE0066: ShowMissingComponent: [M:Wordle.Autenticacion.linkLabel2_LinkClicked(System.Object,System.Windows.Forms.LinkLabelLinkClickedEventArgs)] Missing &lt;param name=&quot;sender&quot;/&gt; documentation
SHFB: Warning BE0066: ShowMissingComponent: [M:Wordle.Autenticacion.linkLabel2_LinkClicked(System.Object,System.Windows.Forms.LinkLabelLinkClickedEventArgs)] Missing &lt;param name=&quot;e&quot;/&gt; documentation
SHFB: Warning BE0066: ShowMissingComponent: [M:Wordle.Autenticacion.Registro_Click(System.Object,System.EventArgs)] Missing &lt;param name=&quot;sender&quot;/&gt; documentation
SHFB: Warning BE0066: ShowMissingComponent: [M:Wordle.Autenticacion.Registro_Click(System.Object,System.EventArgs)] Missing &lt;param name=&quot;e&quot;/&gt; documentation
SHFB: Warning BE0066: ShowMissingComponent: [M:Wordle.Autenticacion.txtContrase&#241;a_Enter(System.Object,System.EventArgs)] Missing &lt;param name=&quot;sender&quot;/&gt; documentation
SHFB: Warning BE0066: ShowMissingComponent: [M:Wordle.Autenticacion.txtContrase&#241;a_Enter(System.Object,System.EventArgs)] Missing &lt;param name=&quot;e&quot;/&gt; documentation
SHFB: Warning BE0066: ShowMissingComponent: [M:Wordle.Autenticacion.txtContrase&#241;a_GotFocus(System.Object,System.EventArgs)] Missing &lt;summary&gt; documentation
SHFB: Warning BE0066: ShowMissingComponent: [M:Wordle.Autenticacion.txtContrase&#241;a_GotFocus(System.Object,System.EventArgs)] Missing &lt;param name=&quot;sender&quot;/&gt; documentation
SHFB: Warning BE0066: ShowMissingComponent: [M:Wordle.Autenticacion.txtContrase&#241;a_GotFocus(System.Object,System.EventArgs)] Missing &lt;param name=&quot;e&quot;/&gt; documentation
SHFB: Warning BE0066: ShowMissingComponent: [M:Wordle.Autenticacion.txtContrase&#241;a_LostFocus(System.Object,System.EventArgs)] Missing &lt;summary&gt; documentation
SHFB: Warning BE0066: ShowMissingComponent: [M:Wordle.Autenticacion.txtContrase&#241;a_LostFocus(System.Object,System.EventArgs)] Missing &lt;param name=&quot;sender&quot;/&gt; documentation
SHFB: Warning BE0066: ShowMissingComponent: [M:Wordle.Autenticacion.txtContrase&#241;a_LostFocus(System.Object,System.EventArgs)] Missing &lt;param name=&quot;e&quot;/&gt; documentation
SHFB: Warning BE0066: ShowMissingComponent: [M:Wordle.Autenticacion.txtNombreUsuario_Enter(System.Object,System.EventArgs)] Missing &lt;param name=&quot;sender&quot;/&gt; documentation
SHFB: Warning BE0066: ShowMissingComponent: [M:Wordle.Autenticacion.txtNombreUsuario_Enter(System.Object,System.EventArgs)] Missing &lt;param name=&quot;e&quot;/&gt; documentation
SHFB: Warning BE0066: ShowMissingComponent: [M:Wordle.Autenticacion.txtNombreUsuario_GotFocus(System.Object,System.EventArgs)] Missing &lt;summary&gt; documentation
SHFB: Warning BE0066: ShowMissingComponent: [M:Wordle.Autenticacion.txtNombreUsuario_GotFocus(System.Object,System.EventArgs)] Missing &lt;param name=&quot;sender&quot;/&gt; documentation
SHFB: Warning BE0066: ShowMissingComponent: [M:Wordle.Autenticacion.txtNombreUsuario_GotFocus(System.Object,System.EventArgs)] Missing &lt;param name=&quot;e&quot;/&gt; documentation
SHFB: Warning BE0066: ShowMissingComponent: [M:Wordle.Autenticacion.txtNombreUsuario_LostFocus(System.Object,System.EventArgs)] Missing &lt;summary&gt; documentation
SHFB: Warning BE0066: ShowMissingComponent: [M:Wordle.Autenticacion.txtNombreUsuario_LostFocus(System.Object,System.EventArgs)] Missing &lt;param name=&quot;sender&quot;/&gt; documentation
SHFB: Warning BE0066: ShowMissingComponent: [M:Wordle.Autenticacion.txtNombreUsuario_LostFocus(System.Object,System.EventArgs)] Missing &lt;param name=&quot;e&quot;/&gt; documentation
SHFB: Warning BE0066: ShowMissingComponent: [M:Wordle.Autenticacion.txtRegisterPassword_GotFocus(System.Object,System.EventArgs)] Missing &lt;summary&gt; documentation
SHFB: Warning BE0066: ShowMissingComponent: [M:Wordle.Autenticacion.txtRegisterPassword_GotFocus(System.Object,System.EventArgs)] Missing &lt;param name=&quot;sender&quot;/&gt; documentation
SHFB: Warning BE0066: ShowMissingComponent: [M:Wordle.Autenticacion.txtRegisterPassword_GotFocus(System.Object,System.EventArgs)] Missing &lt;param name=&quot;e&quot;/&gt; documentation
SHFB: Warning BE0066: ShowMissingComponent: [M:Wordle.Autenticacion.txtRegistrarContrase&#241;a_Enter(System.Object,System.EventArgs)] Missing &lt;param name=&quot;sender&quot;/&gt; documentation
SHFB: Warning BE0066: ShowMissingComponent: [M:Wordle.Autenticacion.txtRegistrarContrase&#241;a_Enter(System.Object,System.EventArgs)] Missing &lt;param name=&quot;e&quot;/&gt; documentation
SHFB: Warning BE0066: ShowMissingComponent: [M:Wordle.Autenticacion.txtRegistrarContrase&#241;a_LostFocus(System.Object,System.EventArgs)] Missing &lt;summary&gt; documentation
SHFB: Warning BE0066: ShowMissingComponent: [M:Wordle.Autenticacion.txtRegistrarContrase&#241;a_LostFocus(System.Object,System.EventArgs)] Missing &lt;param name=&quot;sender&quot;/&gt; documentation
SHFB: Warning BE0066: ShowMissingComponent: [M:Wordle.Autenticacion.txtRegistrarContrase&#241;a_LostFocus(System.Object,System.EventArgs)] Missing &lt;param name=&quot;e&quot;/&gt; documentation
SHFB: Warning BE0066: ShowMissingComponent: [P:Wordle.Autenticacion.txtRegistrarNombre] Missing &lt;summary&gt; documentation
SHFB: Warning BE0066: ShowMissingComponent: [M:Wordle.Autenticacion.txtRegistrarNombre_Enter(System.Object,System.EventArgs)] Missing &lt;param name=&quot;sender&quot;/&gt; documentation
SHFB: Warning BE0066: ShowMissingComponent: [M:Wordle.Autenticacion.txtRegistrarNombre_Enter(System.Object,System.EventArgs)] Missing &lt;param name=&quot;e&quot;/&gt; documentation
SHFB: Warning BE0066: ShowMissingComponent: [M:Wordle.Autenticacion.txtRegistrarNombre_GotFocus(System.Object,System.EventArgs)] Missing &lt;summary&gt; documentation
SHFB: Warning BE0066: ShowMissingComponent: [M:Wordle.Autenticacion.txtRegistrarNombre_GotFocus(System.Object,System.EventArgs)] Missing &lt;param name=&quot;sender&quot;/&gt; documentation
SHFB: Warning BE0066: ShowMissingComponent: [M:Wordle.Autenticacion.txtRegistrarNombre_GotFocus(System.Object,System.EventArgs)] Missing &lt;param name=&quot;e&quot;/&gt; documentation
SHFB: Warning BE0066: ShowMissingComponent: [M:Wordle.Autenticacion.txtRegistrarNombre_LostFocus(System.Object,System.EventArgs)] Missing &lt;summary&gt; documentation
SHFB: Warning BE0066: ShowMissingComponent: [M:Wordle.Autenticacion.txtRegistrarNombre_LostFocus(System.Object,System.EventArgs)] Missing &lt;param name=&quot;sender&quot;/&gt; documentation
SHFB: Warning BE0066: ShowMissingComponent: [M:Wordle.Autenticacion.txtRegistrarNombre_LostFocus(System.Object,System.EventArgs)] Missing &lt;param name=&quot;e&quot;/&gt; documentation
SHFB: Warning BE0066: ShowMissingComponent: [M:Wordle.Autenticacion.txtRegistrarReContrase&#241;a_Enter(System.Object,System.EventArgs)] Missing &lt;param name=&quot;sender&quot;/&gt; documentation
SHFB: Warning BE0066: ShowMissingComponent: [M:Wordle.Autenticacion.txtRegistrarReContrase&#241;a_Enter(System.Object,System.EventArgs)] Missing &lt;param name=&quot;e&quot;/&gt; documentation
SHFB: Warning BE0066: ShowMissingComponent: [M:Wordle.Autenticacion.txtRegistrarReContrase&#241;a_GotFocus(System.Object,System.EventArgs)] Missing &lt;summary&gt; documentation
SHFB: Warning BE0066: ShowMissingComponent: [M:Wordle.Autenticacion.txtRegistrarReContrase&#241;a_GotFocus(System.Object,System.EventArgs)] Missing &lt;param name=&quot;sender&quot;/&gt; documentation
SHFB: Warning BE0066: ShowMissingComponent: [M:Wordle.Autenticacion.txtRegistrarReContrase&#241;a_GotFocus(System.Object,System.EventArgs)] Missing &lt;param name=&quot;e&quot;/&gt; documentation
SHFB: Warning BE0066: ShowMissingComponent: [M:Wordle.Autenticacion.txtRegistrarReContrase&#241;a_LostFocus(System.Object,System.EventArgs)] Missing &lt;summary&gt; documentation
SHFB: Warning BE0066: ShowMissingComponent: [M:Wordle.Autenticacion.txtRegistrarReContrase&#241;a_LostFocus(System.Object,System.EventArgs)] Missing &lt;param name=&quot;sender&quot;/&gt; documentation
SHFB: Warning BE0066: ShowMissingComponent: [M:Wordle.Autenticacion.txtRegistrarReContrase&#241;a_LostFocus(System.Object,System.EventArgs)] Missing &lt;param name=&quot;e&quot;/&gt; documentation
SHFB: Warning BE0066: ShowMissingComponent: [T:Wordle.JuegoPrincipal] Missing &lt;summary&gt; documentation
SHFB: Warning BE0066: ShowMissingComponent: [F:Wordle.JuegoPrincipal.appender] Missing &lt;summary&gt; documentation
SHFB: Warning BE0066: ShowMissingComponent: [F:Wordle.JuegoPrincipal.caracteresPermitidos] Missing &lt;summary&gt; documentation
SHFB: Warning BE0066: ShowMissingComponent: [F:Wordle.JuegoPrincipal.cboSelectorDificultad] Missing &lt;summary&gt; documentation
SHFB: Warning BE0066: ShowMissingComponent: [F:Wordle.JuegoPrincipal.celdaActual] Missing &lt;summary&gt; documentation
SHFB: Warning BE0066: ShowMissingComponent: [F:Wordle.JuegoPrincipal.celdaMaximaDeFila] Missing &lt;summary&gt; documentation
SHFB: Warning BE0066: ShowMissingComponent: [F:Wordle.JuegoPrincipal.celdaMinimaDeFila] Missing &lt;summary&gt; documentation
SHFB: Warning BE0066: ShowMissingComponent: [F:Wordle.JuegoPrincipal.components] Missing &lt;summary&gt; documentation
SHFB: Warning BE0066: ShowMissingComponent: [F:Wordle.JuegoPrincipal.haAccionadoClasificacion] Missing &lt;summary&gt; documentation
SHFB: Warning BE0066: ShowMissingComponent: [F:Wordle.JuegoPrincipal.haCargadoElJuego] Missing &lt;summary&gt; documentation
SHFB: Warning BE0066: ShowMissingComponent: [M:Wordle.JuegoPrincipal.InitializeComponent] Missing &lt;summary&gt; documentation
SHFB: Warning BE0066: ShowMissingComponent: [F:Wordle.JuegoPrincipal.lblDificultad] Missing &lt;summary&gt; documentation
SHFB: Warning BE0066: ShowMissingComponent: [F:Wordle.JuegoPrincipal.margenEntreLabels] Missing &lt;summary&gt; documentation
SHFB: Warning BE0066: ShowMissingComponent: [F:Wordle.JuegoPrincipal.numeroColumnas] Missing &lt;summary&gt; documentation
SHFB: Warning BE0066: ShowMissingComponent: [F:Wordle.JuegoPrincipal.palabraDeFilaActual] Missing &lt;summary&gt; documentation
SHFB: Warning BE0066: ShowMissingComponent: [F:Wordle.JuegoPrincipal.pnlConfiguracion] Missing &lt;summary&gt; documentation
SHFB: Warning BE0066: ShowMissingComponent: [F:Wordle.JuegoPrincipal.pnlInteriorClasificacion] Missing &lt;summary&gt; documentation
SHFB: Warning BE0066: ShowMissingComponent: [F:Wordle.JuegoPrincipal.pnlJuegoPrincipal] Missing &lt;summary&gt; documentation
SHFB: Warning BE0066: ShowMissingComponent: [F:Wordle.JuegoPrincipal.tama&#241;oLabel] Missing &lt;summary&gt; documentation
SHFB: Warning BE0066: ShowMissingComponent: [T:Wordle.PartidaFinalizada] Missing &lt;summary&gt; documentation
SHFB: Warning BE0066: ShowMissingComponent: [M:Wordle.PartidaFinalizada.Button1_Click(System.Object,System.EventArgs)] Missing &lt;param name=&quot;sender&quot;/&gt; documentation
SHFB: Warning BE0066: ShowMissingComponent: [M:Wordle.PartidaFinalizada.Button1_Click(System.Object,System.EventArgs)] Missing &lt;param name=&quot;e&quot;/&gt; documentation
SHFB: Warning BE0066: ShowMissingComponent: [M:Wordle.PartidaFinalizada.Button3_Click(System.Object,System.EventArgs)] Missing &lt;param name=&quot;sender&quot;/&gt; documentation
SHFB: Warning BE0066: ShowMissingComponent: [M:Wordle.PartidaFinalizada.Button3_Click(System.Object,System.EventArgs)] Missing &lt;param name=&quot;e&quot;/&gt; documentation
SHFB: Warning BE0066: ShowMissingComponent: [F:Wordle.PartidaFinalizada.components] Missing &lt;summary&gt; documentation
SHFB: Warning BE0066: ShowMissingComponent: [M:Wordle.PartidaFinalizada.Form2_FormClosed(System.Object,System.Windows.Forms.FormClosedEventArgs)] Missing &lt;param name=&quot;sender&quot;/&gt; documentation
SHFB: Warning BE0066: ShowMissingComponent: [M:Wordle.PartidaFinalizada.Form2_FormClosed(System.Object,System.Windows.Forms.FormClosedEventArgs)] Missing &lt;param name=&quot;e&quot;/&gt; documentation
SHFB: Warning BE0066: ShowMissingComponent: [M:Wordle.PartidaFinalizada.Form2_Load(System.Object,System.EventArgs)] Missing &lt;param name=&quot;sender&quot;/&gt; documentation
SHFB: Warning BE0066: ShowMissingComponent: [M:Wordle.PartidaFinalizada.Form2_Load(System.Object,System.EventArgs)] Missing &lt;param name=&quot;e&quot;/&gt; documentation
SHFB: Warning BE0066: ShowMissingComponent: [M:Wordle.PartidaFinalizada.InitializeComponent] Missing &lt;summary&gt; documentation
SHFB: Warning BE0066: ShowMissingComponent: [M:Wordle.PartidaFinalizada.Label3_Click(System.Object,System.EventArgs)] Missing &lt;param name=&quot;sender&quot;/&gt; documentation
SHFB: Warning BE0066: ShowMissingComponent: [M:Wordle.PartidaFinalizada.Label3_Click(System.Object,System.EventArgs)] Missing &lt;param name=&quot;e&quot;/&gt; documentation
SHFB: Warning BE0066: ShowMissingComponent: [N:WordleClases] Missing &lt;summary&gt; documentation
SHFB: Warning BE0066: ShowMissingComponent: [F:WordleClases.Diccionario._estaArchivoCorrupto] Missing &lt;summary&gt; documentation
SHFB: Warning BE0066: ShowMissingComponent: [F:WordleClases.Diccionario._palabraGenerada] Missing &lt;summary&gt; documentation
SHFB: Warning BE0066: ShowMissingComponent: [F:WordleClases.Diccionario._palabras] Missing &lt;summary&gt; documentation
SHFB: Warning BE0066: ShowMissingComponent: [F:WordleClases.Diccionario._rutaFichero] Missing &lt;summary&gt; documentation
SHFB: Warning BE0066: ShowMissingComponent: [F:WordleClases.Diccionario._usuario] Missing &lt;summary&gt; documentation
SHFB: Warning BE0066: ShowMissingComponent: [T:WordleClases.Globales] Missing &lt;summary&gt; documentation
SHFB: Warning BE0066: ShowMissingComponent: [F:WordleClases.Globales.Instanciadicionario] Missing &lt;summary&gt; documentation
SHFB: Warning BE0066: ShowMissingComponent: [F:WordleClases.Globales.listaDeAciertosWordle] Missing &lt;summary&gt; documentation
SHFB: Warning BE0066: ShowMissingComponent: [F:WordleClases.Globales.listaUsuarios] Missing &lt;summary&gt; documentation
SHFB: Warning BE0066: ShowMissingComponent: [F:WordleClases.Globales.numeroFilas] Missing &lt;summary&gt; documentation
SHFB: Warning BE0066: ShowMissingComponent: [F:WordleClases.Globales.User] Missing &lt;summary&gt; documentation
SHFB: Warning BE0066: ShowMissingComponent: [T:WordleClases.Usuario] Missing &lt;summary&gt; documentation
SHFB: Warning BE0066: ShowMissingComponent: [M:WordleClases.Usuario.#ctor(System.String,System.String)] Missing &lt;param name=&quot;username&quot;/&gt; documentation
SHFB: Warning BE0066: ShowMissingComponent: [M:WordleClases.Usuario.#ctor(System.String,System.String)] Missing &lt;param name=&quot;password&quot;/&gt; documentation
SHFB: Warning BE0066: ShowMissingComponent: [M:WordleClases.Usuario.#ctor(System.String,System.String,System.Int32,System.Int32,System.Int32,System.Int32)] Missing &lt;param name=&quot;username&quot;/&gt; documentation
SHFB: Warning BE0066: ShowMissingComponent: [M:WordleClases.Usuario.#ctor(System.String,System.String,System.Int32,System.Int32,System.Int32,System.Int32)] Missing &lt;param name=&quot;password&quot;/&gt; documentation
SHFB: Warning BE0066: ShowMissingComponent: [M:WordleClases.Usuario.#ctor(System.String,System.String,System.Int32,System.Int32,System.Int32,System.Int32)] Missing &lt;param name=&quot;rachaActual&quot;/&gt; documentation
SHFB: Warning BE0066: ShowMissingComponent: [M:WordleClases.Usuario.#ctor(System.String,System.String,System.Int32,System.Int32,System.Int32,System.Int32)] Missing &lt;param name=&quot;mejorRacha&quot;/&gt; documentation
SHFB: Warning BE0066: ShowMissingComponent: [M:WordleClases.Usuario.#ctor(System.String,System.String,System.Int32,System.Int32,System.Int32,System.Int32)] Missing &lt;param name=&quot;partidasGanadas&quot;/&gt; documentation
SHFB: Warning BE0066: ShowMissingComponent: [M:WordleClases.Usuario.#ctor(System.String,System.String,System.Int32,System.Int32,System.Int32,System.Int32)] Missing &lt;param name=&quot;partidasJugadas&quot;/&gt; documentation
SHFB: Warning BE0066: ShowMissingComponent: [F:WordleClases.Usuario._mejorRacha] Missing &lt;summary&gt; documentation
SHFB: Warning BE0066: ShowMissingComponent: [F:WordleClases.Usuario._partidasGanadas] Missing &lt;summary&gt; documentation
SHFB: Warning BE0066: ShowMissingComponent: [F:WordleClases.Usuario._partidasJugadas] Missing &lt;summary&gt; documentation
SHFB: Warning BE0066: ShowMissingComponent: [F:WordleClases.Usuario._password] Missing &lt;summary&gt; documentation
SHFB: Warning BE0066: ShowMissingComponent: [F:WordleClases.Usuario._rachaActual] Missing &lt;summary&gt; documentation
SHFB: Warning BE0066: ShowMissingComponent: [F:WordleClases.Usuario._username] Missing &lt;summary&gt; documentation
SHFB: Warning BE0066: ShowMissingComponent: [M:WordleClases.Usuario.Equals(WordleClases.Usuario)] Missing &lt;summary&gt; documentation
SHFB: Warning BE0066: ShowMissingComponent: [M:WordleClases.Usuario.Equals(WordleClases.Usuario)] Missing &lt;returns&gt; documentation
SHFB: Warning BE0066: ShowMissingComponent: [M:WordleClases.Usuario.Equals(WordleClases.Usuario)] Missing &lt;param name=&quot;other&quot;/&gt; documentation
SHFB: Warning BE0066: ShowMissingComponent: [P:WordleClases.Usuario.MejorRacha] Missing &lt;summary&gt; documentation
SHFB: Warning BE0066: ShowMissingComponent: [P:WordleClases.Usuario.PartidasGanadas] Missing &lt;summary&gt; documentation
SHFB: Warning BE0066: ShowMissingComponent: [P:WordleClases.Usuario.PartidasJugadas] Missing &lt;summary&gt; documentation
SHFB: Warning BE0066: ShowMissingComponent: [P:WordleClases.Usuario.Password] Missing &lt;summary&gt; documentation
SHFB: Warning BE0066: ShowMissingComponent: [P:WordleClases.Usuario.RachaActual] Missing &lt;summary&gt; documentation
SHFB: Warning BE0066: ShowMissingComponent: [P:WordleClases.Usuario.Username] Missing &lt;summary&gt; documentation
SHFB: Warning BE0066: ShowMissingComponent: [T:WordleClases.Usuarios] Missing &lt;summary&gt; documentation
SHFB: Warning BE0066: ShowMissingComponent: [F:WordleClases.Usuarios._estaArchivoCorrupto] Missing &lt;summary&gt; documentation
SHFB: Warning BE0066: ShowMissingComponent: [F:WordleClases.Usuarios._rutaFichero] Missing &lt;summary&gt; documentation
SHFB: Warning BE0066: ShowMissingComponent: [F:WordleClases.Usuarios._users] Missing &lt;summary&gt; documentation
SHFB: Warning BE0066: ShowMissingComponent: [N:WorldleUtilidades] Missing &lt;summary&gt; documentation
SHFB: Warning BE0066: ShowMissingComponent: [F:WorldleUtilidades.AppendMessageOnScreen.animationTimer] Missing &lt;summary&gt; documentation
SHFB: Warning BE0066: ShowMissingComponent: [F:WorldleUtilidades.AppendMessageOnScreen.labelsToAnimate] Missing &lt;summary&gt; documentation
SHFB: Warning BE0066: ShowMissingComponent: [T:WorldleUtilidades.KeyboardListener] Missing &lt;summary&gt; documentation
SHFB: Warning BE0066: ShowMissingComponent: [F:WorldleUtilidades.KeyboardListener._hookID] Missing &lt;summary&gt; documentation
SHFB: Warning BE0066: ShowMissingComponent: [F:WorldleUtilidades.KeyboardListener._hookProc] Missing &lt;summary&gt; documentation
SHFB: Warning BE0066: ShowMissingComponent: [M:WorldleUtilidades.KeyboardListener.CallNextHookEx(System.IntPtr,System.Int32,System.IntPtr,System.IntPtr)] Missing &lt;summary&gt; documentation
SHFB: Warning BE0066: ShowMissingComponent: [M:WorldleUtilidades.KeyboardListener.CallNextHookEx(System.IntPtr,System.Int32,System.IntPtr,System.IntPtr)] Missing &lt;returns&gt; documentation
SHFB: Warning BE0066: ShowMissingComponent: [M:WorldleUtilidades.KeyboardListener.CallNextHookEx(System.IntPtr,System.Int32,System.IntPtr,System.IntPtr)] Missing &lt;param name=&quot;hhk&quot;/&gt; documentation
SHFB: Warning BE0066: ShowMissingComponent: [M:WorldleUtilidades.KeyboardListener.CallNextHookEx(System.IntPtr,System.Int32,System.IntPtr,System.IntPtr)] Missing &lt;param name=&quot;nCode&quot;/&gt; documentation
SHFB: Warning BE0066: ShowMissingComponent: [M:WorldleUtilidades.KeyboardListener.CallNextHookEx(System.IntPtr,System.Int32,System.IntPtr,System.IntPtr)] Missing &lt;param name=&quot;wParam&quot;/&gt; documentation
SHFB: Warning BE0066: ShowMissingComponent: [M:WorldleUtilidades.KeyboardListener.CallNextHookEx(System.IntPtr,System.Int32,System.IntPtr,System.IntPtr)] Missing &lt;param name=&quot;lParam&quot;/&gt; documentation
SHFB: Warning BE0066: ShowMissingComponent: [M:WorldleUtilidades.KeyboardListener.SetWindowsHookEx(System.Int32,WorldleUtilidades.KeyboardListener.LowLevelKeyboardProc,System.IntPtr,System.UInt32)] Missing &lt;summary&gt; documentation
SHFB: Warning BE0066: ShowMissingComponent: [M:WorldleUtilidades.KeyboardListener.SetWindowsHookEx(System.Int32,WorldleUtilidades.KeyboardListener.LowLevelKeyboardProc,System.IntPtr,System.UInt32)] Missing &lt;returns&gt; documentation
SHFB: Warning BE0066: ShowMissingComponent: [M:WorldleUtilidades.KeyboardListener.SetWindowsHookEx(System.Int32,WorldleUtilidades.KeyboardListener.LowLevelKeyboardProc,System.IntPtr,System.UInt32)] Missing &lt;param name=&quot;idHook&quot;/&gt; documentation
SHFB: Warning BE0066: ShowMissingComponent: [M:WorldleUtilidades.KeyboardListener.SetWindowsHookEx(System.Int32,WorldleUtilidades.KeyboardListener.LowLevelKeyboardProc,System.IntPtr,System.UInt32)] Missing &lt;param name=&quot;lpfn&quot;/&gt; documentation
SHFB: Warning BE0066: ShowMissingComponent: [M:WorldleUtilidades.KeyboardListener.SetWindowsHookEx(System.Int32,WorldleUtilidades.KeyboardListener.LowLevelKeyboardProc,System.IntPtr,System.UInt32)] Missing &lt;param name=&quot;hMod&quot;/&gt; documentation
SHFB: Warning BE0066: ShowMissingComponent: [M:WorldleUtilidades.KeyboardListener.SetWindowsHookEx(System.Int32,WorldleUtilidades.KeyboardListener.LowLevelKeyboardProc,System.IntPtr,System.UInt32)] Missing &lt;param name=&quot;dwThreadId&quot;/&gt; documentation
SHFB: Warning BE0066: ShowMissingComponent: [M:WorldleUtilidades.KeyboardListener.UnhookWindowsHookEx(System.IntPtr)] Missing &lt;summary&gt; documentation
SHFB: Warning BE0066: ShowMissingComponent: [M:WorldleUtilidades.KeyboardListener.UnhookWindowsHookEx(System.IntPtr)] Missing &lt;returns&gt; documentation
SHFB: Warning BE0066: ShowMissingComponent: [M:WorldleUtilidades.KeyboardListener.UnhookWindowsHookEx(System.IntPtr)] Missing &lt;param name=&quot;hhk&quot;/&gt; documentation
SHFB: Warning BE0066: ShowMissingComponent: [F:WorldleUtilidades.KeyboardListener.WH_KEYBOARD_LL] Missing &lt;summary&gt; documentation
SHFB: Warning BE0066: ShowMissingComponent: [F:WorldleUtilidades.KeyboardListener.WM_KEYDOWN] Missing &lt;summary&gt; documentation
SHFB: Warning BE0066: ShowMissingComponent: [F:WorldleUtilidades.KeyboardListener.WM_KEYUP] Missing &lt;summary&gt; documentation
SHFB: Warning BE0066: ShowMissingComponent: [T:WorldleUtilidades.KeyboardListener.KeyDownEventHandler] Missing &lt;summary&gt; documentation
SHFB: Warning BE0066: ShowMissingComponent: [T:WorldleUtilidades.KeyboardListener.KeyUpEventHandler] Missing &lt;summary&gt; documentation
SHFB: Warning BE0066: ShowMissingComponent: [T:WorldleUtilidades.KeyboardListener.LowLevelKeyboardProc] Missing &lt;summary&gt; documentation
Processed 177 topic(s)
154 warning(s)
CopyFromIndexComponent: &quot;reflection&quot; in-memory cache entries used: 5 of 15.
CopyFromIndexComponent: &quot;comments&quot; in-memory cache entries used: 3 of 30.
SaveComponent: Waiting for the document writer task to finish (22 Website API file(s) remaining)...
<plugIn name="Website Table of Contents Generator" behavior="After" priority="1000">
Generating TOC fragment files
</plugIn>    Last step completed in 00:00:04,4147
</buildStep>
<buildStep step="CopyStandardHelpContent">
Copying standard help content...
C:\Program Files (x86)\EWSoftware\Sandcastle Help File Builder\Components\Default2022\css\bulma.css -&gt; C:\Users\14748758743509380420\Desktop\Help\Working\Output\Website\css\bulma.css
C:\Program Files (x86)\EWSoftware\Sandcastle Help File Builder\Components\Default2022\css\bulma.css.map -&gt; C:\Users\14748758743509380420\Desktop\Help\Working\Output\Website\css\bulma.css.map
C:\Program Files (x86)\EWSoftware\Sandcastle Help File Builder\Components\Default2022\css\bulma.min.css -&gt; C:\Users\14748758743509380420\Desktop\Help\Working\Output\Website\css\bulma.min.css
C:\Program Files (x86)\EWSoftware\Sandcastle Help File Builder\Components\Default2022\css\font-awesome.css -&gt; C:\Users\14748758743509380420\Desktop\Help\Working\Output\Website\css\font-awesome.css
C:\Program Files (x86)\EWSoftware\Sandcastle Help File Builder\Components\Default2022\css\font-awesome.min.css -&gt; C:\Users\14748758743509380420\Desktop\Help\Working\Output\Website\css\font-awesome.min.css
C:\Program Files (x86)\EWSoftware\Sandcastle Help File Builder\Components\Default2022\css\ja-JP.css -&gt; C:\Users\14748758743509380420\Desktop\Help\Working\Output\Website\css\ja-JP.css
C:\Program Files (x86)\EWSoftware\Sandcastle Help File Builder\Components\Default2022\css\ko-KR.css -&gt; C:\Users\14748758743509380420\Desktop\Help\Working\Output\Website\css\ko-KR.css
C:\Program Files (x86)\EWSoftware\Sandcastle Help File Builder\Components\Default2022\css\presentationStyle.css -&gt; C:\Users\14748758743509380420\Desktop\Help\Working\Output\Website\css\presentationStyle.css
C:\Program Files (x86)\EWSoftware\Sandcastle Help File Builder\Components\Default2022\css\vs.min.css -&gt; C:\Users\14748758743509380420\Desktop\Help\Working\Output\Website\css\vs.min.css
C:\Program Files (x86)\EWSoftware\Sandcastle Help File Builder\Components\Default2022\css\zh-CN.css -&gt; C:\Users\14748758743509380420\Desktop\Help\Working\Output\Website\css\zh-CN.css
C:\Program Files (x86)\EWSoftware\Sandcastle Help File Builder\Components\Default2022\css\zh-TW.css -&gt; C:\Users\14748758743509380420\Desktop\Help\Working\Output\Website\css\zh-TW.css
C:\Program Files (x86)\EWSoftware\Sandcastle Help File Builder\Components\Default2022\icons\favicon.ico -&gt; C:\Users\14748758743509380420\Desktop\Help\Working\Output\Website\icons\favicon.ico
C:\Program Files (x86)\EWSoftware\Sandcastle Help File Builder\Components\Default2022\scripts\clipboard.min.js -&gt; C:\Users\14748758743509380420\Desktop\Help\Working\Output\Website\scripts\clipboard.min.js
C:\Program Files (x86)\EWSoftware\Sandcastle Help File Builder\Components\Default2022\scripts\highlight.min.js -&gt; C:\Users\14748758743509380420\Desktop\Help\Working\Output\Website\scripts\highlight.min.js
C:\Program Files (x86)\EWSoftware\Sandcastle Help File Builder\Components\Default2022\scripts\jquery-3.5.1.min.js -&gt; C:\Users\14748758743509380420\Desktop\Help\Working\Output\Website\scripts\jquery-3.5.1.min.js
C:\Program Files (x86)\EWSoftware\Sandcastle Help File Builder\Components\Default2022\scripts\presentationStyle.js -&gt; C:\Users\14748758743509380420\Desktop\Help\Working\Output\Website\scripts\presentationStyle.js
C:\Program Files (x86)\EWSoftware\Sandcastle Help File Builder\Components\Default2022\webfonts\fa-brands-400.ttf -&gt; C:\Users\14748758743509380420\Desktop\Help\Working\Output\Website\webfonts\fa-brands-400.ttf
C:\Program Files (x86)\EWSoftware\Sandcastle Help File Builder\Components\Default2022\webfonts\fa-brands-400.woff2 -&gt; C:\Users\14748758743509380420\Desktop\Help\Working\Output\Website\webfonts\fa-brands-400.woff2
C:\Program Files (x86)\EWSoftware\Sandcastle Help File Builder\Components\Default2022\webfonts\fa-regular-400.ttf -&gt; C:\Users\14748758743509380420\Desktop\Help\Working\Output\Website\webfonts\fa-regular-400.ttf
C:\Program Files (x86)\EWSoftware\Sandcastle Help File Builder\Components\Default2022\webfonts\fa-regular-400.woff2 -&gt; C:\Users\14748758743509380420\Desktop\Help\Working\Output\Website\webfonts\fa-regular-400.woff2
C:\Program Files (x86)\EWSoftware\Sandcastle Help File Builder\Components\Default2022\webfonts\fa-solid-900.ttf -&gt; C:\Users\14748758743509380420\Desktop\Help\Working\Output\Website\webfonts\fa-solid-900.ttf
C:\Program Files (x86)\EWSoftware\Sandcastle Help File Builder\Components\Default2022\webfonts\fa-solid-900.woff2 -&gt; C:\Users\14748758743509380420\Desktop\Help\Working\Output\Website\webfonts\fa-solid-900.woff2
C:\Program Files (x86)\EWSoftware\Sandcastle Help File Builder\Components\Default2022\webfonts\fa-v4compatibility.ttf -&gt; C:\Users\14748758743509380420\Desktop\Help\Working\Output\Website\webfonts\fa-v4compatibility.ttf
C:\Program Files (x86)\EWSoftware\Sandcastle Help File Builder\Components\Default2022\webfonts\fa-v4compatibility.woff2 -&gt; C:\Users\14748758743509380420\Desktop\Help\Working\Output\Website\webfonts\fa-v4compatibility.woff2
C:\Program Files (x86)\EWSoftware\Sandcastle Help File Builder\Components\Default2022\RootWebsiteContent\GeneralError.html -&gt; C:\Users\14748758743509380420\Desktop\Help\Working\Output\Website\GeneralError.html
C:\Program Files (x86)\EWSoftware\Sandcastle Help File Builder\Components\Default2022\RootWebsiteContent\index.html -&gt; C:\Users\14748758743509380420\Desktop\Help\Working\Output\Website\index.html
C:\Program Files (x86)\EWSoftware\Sandcastle Help File Builder\Components\Default2022\RootWebsiteContent\PageNotFound.html -&gt; C:\Users\14748758743509380420\Desktop\Help\Working\Output\Website\PageNotFound.html
C:\Program Files (x86)\EWSoftware\Sandcastle Help File Builder\Components\Default2022\RootWebsiteContent\search.html -&gt; C:\Users\14748758743509380420\Desktop\Help\Working\Output\Website\search.html
C:\Program Files (x86)\EWSoftware\Sandcastle Help File Builder\Components\Default2022\RootWebsiteContent\SearchHelp.aspx -&gt; C:\Users\14748758743509380420\Desktop\Help\Working\Output\Website\SearchHelp.aspx
C:\Program Files (x86)\EWSoftware\Sandcastle Help File Builder\Components\Default2022\RootWebsiteContent\SearchHelp.inc.php -&gt; C:\Users\14748758743509380420\Desktop\Help\Working\Output\Website\SearchHelp.inc.php
C:\Program Files (x86)\EWSoftware\Sandcastle Help File Builder\Components\Default2022\RootWebsiteContent\SearchHelp.php -&gt; C:\Users\14748758743509380420\Desktop\Help\Working\Output\Website\SearchHelp.php
C:\Program Files (x86)\EWSoftware\Sandcastle Help File Builder\Components\Default2022\RootWebsiteContent\Web.Config -&gt; C:\Users\14748758743509380420\Desktop\Help\Working\Output\Website\Web.Config
    Last step completed in 00:00:00,0333
</buildStep>
<buildStep step="GenerateFullTextIndex">
Generating full-text index for the website...

    Last step completed in 00:00:00,1636
</buildStep>
<buildStep step="CopyingWebsiteFiles">
Copying website files to output folder...

Copied 273 files for the website content
    Last step completed in 00:00:00,1974
</buildStep>
<buildStep step="CleanIntermediates">
Removing intermediate files...
    Last step completed in 00:00:00,0336
</buildStep>
<buildStep step="Completed">

Build completed successfully at 24/05/2023 19:11:32.  Total time: 00:00:10,3389

</buildStep>
</shfbBuild>
